[23Apr2025 00:01:05.890] [Server thread/INFO] [net.minecraft.server.dedicated.DedicatedServer/]: [kevin99col: Teleported kevin99col to -2619.07, 20.0, -3486.9]
[23Apr2025 00:01:23.005] [Server thread/INFO] [net.minecraft.server.dedicated.DedicatedServer/]: [DARKFIRE: Set the time to 1000]
[23Apr2025 00:01:44.411] [Server thread/INFO] [net.minecraft.server.dedicated.DedicatedServer/]: [kevin99col: Teleported kevin99col to DARKFIRE]
[23Apr2025 00:02:18.109] [Server thread/INFO] [net.minecraft.server.dedicated.DedicatedServer/]: [kevin99col: Teleported kevin99col to -2619.07, 20.0, -3486.9]
[23Apr2025 00:03:07.190] [Worker-Main-4/WARN] [net.minecraft.entity.ai.attributes.AttributeModifierManager/]: Ignoring unknown attribute 'forge:step_height_addition'
[23Apr2025 00:03:07.191] [Worker-Main-4/WARN] [net.minecraft.entity.ai.attributes.AttributeModifierManager/]: Ignoring unknown attribute 'forge:step_height_addition'
[23Apr2025 00:03:07.191] [Worker-Main-4/WARN] [net.minecraft.entity.ai.attributes.AttributeModifierManager/]: Ignoring unknown attribute 'forge:step_height_addition'
[23Apr2025 00:03:07.239] [Worker-Main-395/WARN] [net.minecraft.entity.ai.attributes.AttributeModifierManager/]: Ignoring unknown attribute 'forge:step_height_addition'
[23Apr2025 00:03:14.618] [Worker-Main-394/WARN] [net.minecraft.entity.ai.attributes.AttributeModifierManager/]: Ignoring unknown attribute 'forge:step_height_addition'
[23Apr2025 00:03:14.619] [Worker-Main-394/WARN] [net.minecraft.entity.ai.attributes.AttributeModifierManager/]: Ignoring unknown attribute 'forge:step_height_addition'
[23Apr2025 00:03:14.666] [Worker-Main-395/WARN] [net.minecraft.entity.ai.attributes.AttributeModifierManager/]: Ignoring unknown attribute 'forge:step_height_addition'
[23Apr2025 00:03:14.666] [Worker-Main-395/WARN] [net.minecraft.entity.ai.attributes.AttributeModifierManager/]: Ignoring unknown attribute 'forge:step_height_addition'
[23Apr2025 00:03:20.862] [Worker-Main-394/WARN] [net.minecraft.entity.ai.attributes.AttributeModifierManager/]: Ignoring unknown attribute 'forge:step_height_addition'
[23Apr2025 00:03:20.863] [Worker-Main-394/WARN] [net.minecraft.entity.ai.attributes.AttributeModifierManager/]: Ignoring unknown attribute 'forge:step_height_addition'
[23Apr2025 00:03:20.863] [Worker-Main-394/WARN] [net.minecraft.entity.ai.attributes.AttributeModifierManager/]: Ignoring unknown attribute 'forge:step_height_addition'
[23Apr2025 00:03:20.863] [Worker-Main-394/WARN] [net.minecraft.entity.ai.attributes.AttributeModifierManager/]: Ignoring unknown attribute 'forge:step_height_addition'
[23Apr2025 00:03:20.863] [Worker-Main-394/WARN] [net.minecraft.entity.ai.attributes.AttributeModifierManager/]: Ignoring unknown attribute 'forge:step_height_addition'
[23Apr2025 00:03:20.864] [Worker-Main-394/WARN] [net.minecraft.entity.ai.attributes.AttributeModifierManager/]: Ignoring unknown attribute 'forge:step_height_addition'
[23Apr2025 00:03:20.864] [Worker-Main-394/WARN] [net.minecraft.entity.ai.attributes.AttributeModifierManager/]: Ignoring unknown attribute 'forge:step_height_addition'
[23Apr2025 00:03:20.864] [Worker-Main-394/WARN] [net.minecraft.entity.ai.attributes.AttributeModifierManager/]: Ignoring unknown attribute 'forge:step_height_addition'
[23Apr2025 00:03:20.865] [Worker-Main-394/WARN] [net.minecraft.entity.ai.attributes.AttributeModifierManager/]: Ignoring unknown attribute 'forge:step_height_addition'
[23Apr2025 00:03:20.865] [Worker-Main-394/WARN] [net.minecraft.entity.ai.attributes.AttributeModifierManager/]: Ignoring unknown attribute 'forge:step_height_addition'
[23Apr2025 00:03:20.865] [Worker-Main-394/WARN] [net.minecraft.entity.ai.attributes.AttributeModifierManager/]: Ignoring unknown attribute 'forge:step_height_addition'
[23Apr2025 00:03:20.865] [Worker-Main-394/WARN] [net.minecraft.entity.ai.attributes.AttributeModifierManager/]: Ignoring unknown attribute 'forge:step_height_addition'
[23Apr2025 00:03:20.866] [Worker-Main-394/WARN] [net.minecraft.entity.ai.attributes.AttributeModifierManager/]: Ignoring unknown attribute 'forge:step_height_addition'
[23Apr2025 00:03:20.866] [Worker-Main-394/WARN] [net.minecraft.entity.ai.attributes.AttributeModifierManager/]: Ignoring unknown attribute 'forge:step_height_addition'
[23Apr2025 00:03:20.866] [Worker-Main-394/WARN] [net.minecraft.entity.ai.attributes.AttributeModifierManager/]: Ignoring unknown attribute 'forge:step_height_addition'
[23Apr2025 00:03:20.866] [Worker-Main-394/WARN] [net.minecraft.entity.ai.attributes.AttributeModifierManager/]: Ignoring unknown attribute 'forge:step_height_addition'
[23Apr2025 00:03:20.914] [Worker-Main-4/WARN] [net.minecraft.entity.ai.attributes.AttributeModifierManager/]: Ignoring unknown attribute 'forge:step_height_addition'
[23Apr2025 00:03:20.915] [Worker-Main-4/WARN] [net.minecraft.entity.ai.attributes.AttributeModifierManager/]: Ignoring unknown attribute 'forge:step_height_addition'
[23Apr2025 00:03:20.915] [Worker-Main-4/WARN] [net.minecraft.entity.ai.attributes.AttributeModifierManager/]: Ignoring unknown attribute 'forge:step_height_addition'
[23Apr2025 00:03:21.110] [Worker-Main-4/WARN] [net.minecraft.entity.ai.attributes.AttributeModifierManager/]: Ignoring unknown attribute 'forge:step_height_addition'
[23Apr2025 00:03:21.111] [Worker-Main-4/WARN] [net.minecraft.entity.ai.attributes.AttributeModifierManager/]: Ignoring unknown attribute 'forge:step_height_addition'
[23Apr2025 00:03:21.111] [Worker-Main-4/WARN] [net.minecraft.entity.ai.attributes.AttributeModifierManager/]: Ignoring unknown attribute 'forge:step_height_addition'
[23Apr2025 00:03:21.111] [Worker-Main-4/WARN] [net.minecraft.entity.ai.attributes.AttributeModifierManager/]: Ignoring unknown attribute 'forge:step_height_addition'
[23Apr2025 00:03:21.112] [Worker-Main-4/WARN] [net.minecraft.entity.ai.attributes.AttributeModifierManager/]: Ignoring unknown attribute 'forge:step_height_addition'
[23Apr2025 00:03:21.112] [Worker-Main-4/WARN] [net.minecraft.entity.ai.attributes.AttributeModifierManager/]: Ignoring unknown attribute 'forge:step_height_addition'
[23Apr2025 00:03:21.112] [Worker-Main-4/WARN] [net.minecraft.entity.ai.attributes.AttributeModifierManager/]: Ignoring unknown attribute 'forge:step_height_addition'
[23Apr2025 00:03:21.112] [Worker-Main-4/WARN] [net.minecraft.entity.ai.attributes.AttributeModifierManager/]: Ignoring unknown attribute 'forge:step_height_addition'
[23Apr2025 00:03:21.113] [Worker-Main-4/WARN] [net.minecraft.entity.ai.attributes.AttributeModifierManager/]: Ignoring unknown attribute 'forge:step_height_addition'
[23Apr2025 00:03:21.113] [Worker-Main-4/WARN] [net.minecraft.entity.ai.attributes.AttributeModifierManager/]: Ignoring unknown attribute 'forge:step_height_addition'
[23Apr2025 00:03:21.113] [Worker-Main-4/WARN] [net.minecraft.entity.ai.attributes.AttributeModifierManager/]: Ignoring unknown attribute 'forge:step_height_addition'
[23Apr2025 00:03:21.114] [Worker-Main-4/WARN] [net.minecraft.entity.ai.attributes.AttributeModifierManager/]: Ignoring unknown attribute 'forge:step_height_addition'
[23Apr2025 00:03:21.114] [Worker-Main-4/WARN] [net.minecraft.entity.ai.attributes.AttributeModifierManager/]: Ignoring unknown attribute 'forge:step_height_addition'
[23Apr2025 00:03:29.929] [Worker-Main-4/WARN] [net.minecraft.entity.ai.attributes.AttributeModifierManager/]: Ignoring unknown attribute 'forge:step_height_addition'
[23Apr2025 00:03:29.967] [Worker-Main-394/WARN] [net.minecraft.entity.ai.attributes.AttributeModifierManager/]: Ignoring unknown attribute 'forge:step_height_addition'
[23Apr2025 00:04:20.896] [Server thread/INFO] [net.minecraft.server.dedicated.DedicatedServer/]: [kevin99col: Teleported kevin99col to DARKFIRE]
[23Apr2025 00:05:25.264] [Server thread/WARN] [net.minecraft.network.play.ServerPlayNetHandler/]: DARKFIRE moved too quickly! -10.516951824904936,0.0,-0.11862589225529518
[23Apr2025 00:05:45.665] [Worker-Main-394/WARN] [net.minecraft.network.datasync.EntityDataManager/]: defineId called for: class dev.itsmeow.betteranimalsplus.common.entity.EntityReindeer from class dev.itsmeow.betteranimalsplus.imdlib.entity.EntityTypeContainer
[23Apr2025 00:07:37.187] [Server thread/INFO] [net.minecraft.entity.Entity/]: Villager VillagerEntity['Villager'/285578, l='ServerLevel[world]', x=-6802.63, y=65.00, z=-3968.28] died, message: 'Villager suffocated in a wall'
[23Apr2025 00:11:07.296] [Server thread/INFO] [net.minecraft.server.dedicated.DedicatedServer/]: [kevin99col: Set the time to 1000]
[23Apr2025 00:13:11.929] [Server thread/INFO] [net.minecraft.server.dedicated.DedicatedServer/]: DARKFIRE has made the advancement [Ice Bucket Challenge]
[23Apr2025 00:13:11.930] [Server thread/INFO] [net.minecraft.server.dedicated.DedicatedServer/]: DARKFIRE has made the advancement [Blaze Gold]
[23Apr2025 00:15:03.212] [Server thread/INFO] [net.minecraft.server.dedicated.DedicatedServer/]: [kevin99col: Teleported kevin99col to DARKFIRE]
[23Apr2025 00:15:03.282] [Server thread/WARN] [net.minecraft.network.datasync.EntityDataManager/]: defineId called for: class dev.itsmeow.betteranimalsplus.common.entity.EntityFlyingFish from class dev.itsmeow.betteranimalsplus.imdlib.entity.EntityTypeContainer
[23Apr2025 00:15:03.282] [Server thread/WARN] [net.minecraft.network.datasync.EntityDataManager/]: defineId called for: class dev.itsmeow.betteranimalsplus.common.entity.EntityFlyingFish from class dev.itsmeow.betteranimalsplus.imdlib.entity.util.EntityTypeContainerContainable
[23Apr2025 00:15:58.439] [Server thread/INFO] [net.minecraft.server.dedicated.DedicatedServer/]: kevin99col has made the advancement [Ice Bucket Challenge]
[23Apr2025 00:15:58.587] [Server thread/INFO] [net.minecraft.server.dedicated.DedicatedServer/]: kevin99col has made the advancement [Who is Cutting Onions?]
[23Apr2025 00:16:55.591] [Server thread/INFO] [net.minecraft.server.dedicated.DedicatedServer/]: kevin99col has made the advancement [Sea? Not a Problem]
[23Apr2025 00:18:00.139] [Server thread/INFO] [net.minecraft.server.dedicated.DedicatedServer/]: DARKFIRE has made the advancement [We Need to Go Deeper]
[23Apr2025 00:18:00.766] [Server thread/INFO] [net.minecraft.server.dedicated.DedicatedServer/]: kevin99col has made the advancement [We Need to Go Deeper]
[23Apr2025 00:23:48.066] [Server thread/INFO] [net.minecraft.server.dedicated.DedicatedServer/]: [DARKFIRE: Teleported DARKFIRE to kevin99col]
[23Apr2025 00:25:34.094] [Server thread/INFO] [net.minecraft.server.dedicated.DedicatedServer/]: kevin99col has made the advancement [Nightmare Fuel]
[23Apr2025 00:27:22.051] [Server thread/INFO] [net.minecraft.server.dedicated.DedicatedServer/]: [kevin99col: Teleported kevin99col to DARKFIRE]
[23Apr2025 00:28:53.686] [Server thread/INFO] [net.minecraft.server.dedicated.DedicatedServer/]: DARKFIRE has made the advancement [Nightmare Fuel]
[23Apr2025 00:29:31.114] [Server thread/INFO] [net.minecraft.server.dedicated.DedicatedServer/]: [kevin99col: Teleported kevin99col to DARKFIRE]
[23Apr2025 00:30:37.161] [Server thread/INFO] [net.minecraft.server.dedicated.DedicatedServer/]: [kevin99col: Killed 61 entities]
[23Apr2025 00:33:04.309] [Server thread/INFO] [net.minecraft.server.dedicated.DedicatedServer/]: [kevin99col: Teleported kevin99col to DARKFIRE]
[23Apr2025 00:36:15.483] [Server thread/INFO] [net.minecraft.server.dedicated.DedicatedServer/]: kevin99col has made the advancement [A Terrible Fortress]
[23Apr2025 00:36:20.807] [Server thread/INFO] [net.minecraft.server.dedicated.DedicatedServer/]: [DARKFIRE: Teleported DARKFIRE to kevin99col]
[23Apr2025 00:36:20.983] [Server thread/INFO] [net.minecraft.server.dedicated.DedicatedServer/]: DARKFIRE has made the advancement [A Terrible Fortress]
[23Apr2025 00:40:58.235] [Server thread/INFO] [net.minecraft.server.dedicated.DedicatedServer/]: DARKFIRE has made the advancement [Into Fire]
[23Apr2025 00:41:39.386] [Server thread/INFO] [net.minecraft.server.dedicated.DedicatedServer/]: DARKFIRE was burnt to a crisp whilst fighting Blaze
[23Apr2025 00:41:47.042] [Server thread/INFO] [net.minecraft.server.dedicated.DedicatedServer/]: kevin99col has made the advancement [Into Fire]
[23Apr2025 00:43:40.872] [Server thread/INFO] [net.minecraft.server.dedicated.DedicatedServer/]: [DARKFIRE: Teleported DARKFIRE to kevin99col]
[23Apr2025 00:52:11.738] [Server thread/INFO] [net.minecraft.network.play.ServerPlayNetHandler/]: DARKFIRE lost connection: Disconnected
[23Apr2025 00:52:11.739] [Server thread/INFO] [net.minecraft.server.dedicated.DedicatedServer/]: DARKFIRE left the game
[23Apr2025 00:52:27.804] [Server thread/INFO] [net.minecraftforge.common.AdvancementLoadFix/]: Using new advancement loading for net.minecraft.advancements.PlayerAdvancements@781e780f
[23Apr2025 00:52:27.834] [Server thread/INFO] [net.minecraft.server.management.PlayerList/]: DARKFIRE[/127.9.21.201:46145] logged in with entity id 310354 at (-1160.699999988079, 66.0, -969.7958639995634)
[23Apr2025 00:52:27.841] [Server thread/INFO] [net.minecraft.server.dedicated.DedicatedServer/]: DARKFIRE joined the game
[23Apr2025 00:54:48.722] [Server thread/INFO] [net.minecraft.server.dedicated.DedicatedServer/]: [kevin99col: Teleported kevin99col to DARKFIRE]
[23Apr2025 00:56:19.224] [Server thread/INFO] [net.minecraft.server.dedicated.DedicatedServer/]: DARKFIRE fell from a high place
[23Apr2025 00:58:16.992] [Server thread/INFO] [net.minecraft.server.dedicated.DedicatedServer/]: [DARKFIRE: Teleported DARKFIRE to kevin99col]
[23Apr2025 00:58:42.483] [Server thread/INFO] [net.minecraft.server.dedicated.DedicatedServer/]: kevin99col has made the advancement [Those Were the Days]
[23Apr2025 00:58:44.086] [Server thread/INFO] [net.minecraft.server.dedicated.DedicatedServer/]: DARKFIRE has made the advancement [Those Were the Days]
[23Apr2025 00:58:45.454] [Server thread/INFO] [net.minecraft.server.dedicated.DedicatedServer/]: kevin99col has made the advancement [War Pigs]
[23Apr2025 00:59:01.024] [Server thread/INFO] [net.minecraft.server.dedicated.DedicatedServer/]: DARKFIRE has made the advancement [War Pigs]
[23Apr2025 00:59:47.129] [Server thread/INFO] [net.minecraft.server.dedicated.DedicatedServer/]: DARKFIRE was slain by Piglin Brute
[23Apr2025 01:01:03.086] [Server thread/INFO] [net.minecraft.network.play.ServerPlayNetHandler/]: DARKFIRE lost connection: Disconnected
[23Apr2025 01:01:03.087] [Server thread/INFO] [net.minecraft.server.dedicated.DedicatedServer/]: DARKFIRE left the game
[23Apr2025 01:01:16.046] [Server thread/INFO] [net.minecraftforge.common.AdvancementLoadFix/]: Using new advancement loading for net.minecraft.advancements.PlayerAdvancements@77ffb635
[23Apr2025 01:01:16.068] [Server thread/INFO] [net.minecraft.server.management.PlayerList/]: DARKFIRE[/127.9.21.201:36325] logged in with entity id 314230 at (-1079.561074351691, 73.0, -1077.9847589274038)
[23Apr2025 01:01:16.074] [Server thread/INFO] [net.minecraft.server.dedicated.DedicatedServer/]: DARKFIRE joined the game
[23Apr2025 01:02:55.684] [Server thread/INFO] [net.minecraft.server.dedicated.DedicatedServer/]: [DARKFIRE: Teleported DARKFIRE to kevin99col]
[23Apr2025 01:03:23.832] [Server thread/INFO] [net.minecraft.server.dedicated.DedicatedServer/]: DARKFIRE was slain by Zombified Piglin
[23Apr2025 01:03:33.589] [Server thread/INFO] [net.minecraft.server.dedicated.DedicatedServer/]: kevin99col was slain by Zombified Piglin
[23Apr2025 01:03:56.006] [Server thread/INFO] [net.minecraft.server.dedicated.DedicatedServer/]: [DARKFIRE: Teleported DARKFIRE to kevin99col]
[23Apr2025 01:04:17.834] [Server thread/INFO] [net.minecraft.server.dedicated.DedicatedServer/]: DARKFIRE was fireballed by Ghast
[23Apr2025 01:04:28.796] [Server thread/INFO] [net.minecraft.server.dedicated.DedicatedServer/]: kevin99col has completed the challenge [Return to Sender]
[23Apr2025 01:04:33.002] [Server thread/INFO] [net.minecraft.network.play.ServerPlayNetHandler/]: DARKFIRE lost connection: Disconnected
[23Apr2025 01:04:33.003] [Server thread/INFO] [net.minecraft.server.dedicated.DedicatedServer/]: DARKFIRE left the game
[23Apr2025 01:04:44.611] [Server thread/INFO] [net.minecraftforge.common.AdvancementLoadFix/]: Using new advancement loading for net.minecraft.advancements.PlayerAdvancements@a5494e7
[23Apr2025 01:04:44.636] [Server thread/INFO] [net.minecraft.server.management.PlayerList/]: DARKFIRE[/127.9.21.201:38291] logged in with entity id 315559 at (-167.5, 70.0, 79.5)
[23Apr2025 01:04:44.643] [Server thread/INFO] [net.minecraft.server.dedicated.DedicatedServer/]: DARKFIRE joined the game
[23Apr2025 01:04:52.691] [Server thread/INFO] [net.minecraft.server.dedicated.DedicatedServer/]: [DARKFIRE: Teleported DARKFIRE to kevin99col]
[23Apr2025 01:05:02.485] [Server thread/INFO] [net.minecraft.server.dedicated.DedicatedServer/]: DARKFIRE was slain by Zombified Piglin
[23Apr2025 01:05:27.778] [Server thread/INFO] [net.minecraft.server.dedicated.DedicatedServer/]: [DARKFIRE: Teleported DARKFIRE to kevin99col]
[23Apr2025 01:06:58.083] [Server thread/INFO] [net.minecraft.network.play.ServerPlayNetHandler/]: DARKFIRE lost connection: Disconnected
[23Apr2025 01:06:58.083] [Server thread/INFO] [net.minecraft.server.dedicated.DedicatedServer/]: DARKFIRE left the game
[23Apr2025 01:07:15.448] [Server thread/INFO] [net.minecraftforge.common.AdvancementLoadFix/]: Using new advancement loading for net.minecraft.advancements.PlayerAdvancements@4148a39a
[23Apr2025 01:07:15.471] [Server thread/INFO] [net.minecraft.server.management.PlayerList/]: DARKFIRE[/127.9.21.201:45931] logged in with entity id 316045 at (-1119.1260335104707, 61.0, -1060.9418647713514)
[23Apr2025 01:07:15.476] [Server thread/INFO] [net.minecraft.server.dedicated.DedicatedServer/]: DARKFIRE joined the game
[23Apr2025 01:07:47.438] [Server thread/INFO] [net.minecraft.server.dedicated.DedicatedServer/]: [DARKFIRE: Teleported DARKFIRE to kevin99col]
