[21:13:03] [modloading-worker-0/INFO] Registered plugin provider DefaultPlugin [roughlyenoughitems] for REIServerPlugin
[21:13:03] [modloading-worker-0/INFO] Registered plugin provider DefaultPlugin [roughlyenoughitems] for REIPlugin
[21:13:03] [modloading-worker-0/INFO] Registered plugin provider DefaultRuntimePlugin [roughlyenoughitems] for REIServerPlugin
[21:13:03] [modloading-worker-0/INFO] Registered plugin provider DefaultRuntimePlugin [roughlyenoughitems] for REIPlugin
[21:13:03] [modloading-worker-0/INFO] Registered plugin provider JEIExtraPlugin [roughlyenoughitems] for REIServerPlugin
[21:13:03] [modloading-worker-0/INFO] Registered plugin provider JEIExtraPlugin [roughlyenoughitems] for REIPlugin
[21:13:44] [Worker-Main-5/DEBUG] [START] Reloading Section: "pre-register/"
[21:13:44] [Worker-Main-5/DEBUG] [START] Reloading Section: "pre-register/DefaultPlugin [roughlyenoughitems]/"
[21:13:44] [Worker-Main-5/DEBUG] [START] Reloading Section: "pre-register/DefaultPlugin [roughlyenoughitems]/" done in 3.649 ms
[21:13:44] [Worker-Main-5/DEBUG] [START] Reloading Section: "pre-register/JEIExtraPlugin [roughlyenoughitems]/"
[21:13:44] [Worker-Main-5/DEBUG] [START] Reloading Section: "pre-register/JEIExtraPlugin [roughlyenoughitems]/" done in 29.28 μs
[21:13:44] [Worker-Main-5/DEBUG] [START] Reloading Section: "pre-register/DefaultRuntimePlugin [roughlyenoughitems]/"
[21:13:44] [Worker-Main-5/DEBUG] [START] Reloading Section: "pre-register/DefaultRuntimePlugin [roughlyenoughitems]/" done in 26.02 μs
[21:13:44] [Worker-Main-5/DEBUG] [START] Reloading Section: "pre-register/" done in 66.98 ms
[21:13:44] [Worker-Main-5/DEBUG] [START] Reloading Section: "pre-register/"
[21:13:44] [Worker-Main-5/DEBUG] [START] Reloading Section: "pre-register/DefaultPlugin [roughlyenoughitems]/"
[21:13:44] [Worker-Main-5/DEBUG] [START] Reloading Section: "pre-register/DefaultPlugin [roughlyenoughitems]/" done in 3.941 ms
[21:13:44] [Worker-Main-5/DEBUG] [START] Reloading Section: "pre-register/JEIExtraPlugin [roughlyenoughitems]/"
[21:13:44] [Worker-Main-5/DEBUG] [START] Reloading Section: "pre-register/JEIExtraPlugin [roughlyenoughitems]/" done in 11.63 μs
[21:13:44] [Worker-Main-5/DEBUG] [START] Reloading Section: "pre-register/DefaultRuntimePlugin [roughlyenoughitems]/"
[21:13:44] [Worker-Main-5/DEBUG] [START] Reloading Section: "pre-register/DefaultRuntimePlugin [roughlyenoughitems]/" done in 12.31 μs
[21:13:44] [Worker-Main-5/DEBUG] [START] Reloading Section: "pre-register/" done in 11.02 ms
[21:13:44] [Worker-Main-5/DEBUG] [START] Reloading Section: "start-reload/"
[21:13:44] [Worker-Main-5/DEBUG] [START] Reloading Section: "start-reload/EntryTypeRegistryImpl/"
[21:13:44] [Worker-Main-5/DEBUG] [START] Reloading Section: "start-reload/EntryTypeRegistryImpl/" done in 344.9 μs
[21:13:44] [Worker-Main-5/DEBUG] [START] Reloading Section: "start-reload/EntrySettingsAdapterRegistryImpl/"
[21:13:44] [Worker-Main-5/DEBUG] [START] Reloading Section: "start-reload/EntrySettingsAdapterRegistryImpl/" done in 14.16 μs
[21:13:44] [Worker-Main-5/DEBUG] [START] Reloading Section: "start-reload/RecipeManagerContextImpl/"
[21:13:44] [Worker-Main-5/DEBUG] [START] Reloading Section: "start-reload/RecipeManagerContextImpl/" done in 9.488 μs
[21:13:44] [Worker-Main-5/DEBUG] [START] Reloading Section: "start-reload/ItemComparatorRegistryImpl/"
[21:13:44] [Worker-Main-5/DEBUG] [START] Reloading Section: "start-reload/ItemComparatorRegistryImpl/" done in 33.33 μs
[21:13:44] [Worker-Main-5/DEBUG] [START] Reloading Section: "start-reload/FluidComparatorRegistryImpl/"
[21:13:44] [Worker-Main-5/DEBUG] [START] Reloading Section: "start-reload/FluidComparatorRegistryImpl/" done in 13.23 μs
[21:13:44] [Worker-Main-5/DEBUG] [START] Reloading Section: "start-reload/DisplaySerializerRegistryImpl/"
[21:13:44] [Worker-Main-5/DEBUG] [START] Reloading Section: "start-reload/DisplaySerializerRegistryImpl/" done in 9.437 μs
[21:13:44] [Worker-Main-5/DEBUG] [START] Reloading Section: "start-reload/FluidSupportProviderImpl/"
[21:13:44] [Worker-Main-5/DEBUG] [START] Reloading Section: "start-reload/FluidSupportProviderImpl/" done in 24.77 μs
[21:13:44] [Worker-Main-5/DEBUG] [START] Reloading Section: "start-reload/" done in 2.858 ms
[21:13:44] [Worker-Main-5/INFO] Reloading Plugin Manager [REIPlugin] stage [START], registered 3 plugins: DefaultRuntimePlugin [roughlyenoughitems], JEIExtraPlugin [roughlyenoughitems], DefaultPlugin [roughlyenoughitems]
[21:13:44] [Worker-Main-5/DEBUG] [START] Reloading Section: "reloadable-plugin/EntryTypeRegistryImpl/"
[21:13:44] [Worker-Main-5/DEBUG] [START] Reloading Section: "reloadable-plugin/EntryTypeRegistryImpl/DefaultPlugin [roughlyenoughitems]/"
[21:13:44] [Worker-Main-5/DEBUG] [START] Reloading Section: "reloadable-plugin/EntryTypeRegistryImpl/DefaultPlugin [roughlyenoughitems]/" done in 44.27 μs
[21:13:44] [Worker-Main-5/DEBUG] [START] Reloading Section: "reloadable-plugin/EntryTypeRegistryImpl/JEIExtraPlugin [roughlyenoughitems]/"
[21:13:44] [Worker-Main-5/DEBUG] [START] Reloading Section: "reloadable-plugin/EntryTypeRegistryImpl/JEIExtraPlugin [roughlyenoughitems]/" done in 26.35 μs
[21:13:44] [Worker-Main-5/DEBUG] [START] Reloading Section: "reloadable-plugin/EntryTypeRegistryImpl/DefaultRuntimePlugin [roughlyenoughitems]/"
[21:13:44] [Worker-Main-5/DEBUG] [START] Reloading Section: "reloadable-plugin/EntryTypeRegistryImpl/DefaultRuntimePlugin [roughlyenoughitems]/" done in 34.25 ms
[21:13:44] [Worker-Main-5/DEBUG] [START] Reloading Section: "reloadable-plugin/EntryTypeRegistryImpl/" done in 36.55 ms
[21:13:44] [Worker-Main-5/DEBUG] [START] Reloading Section: "reloadable-plugin/EntrySettingsAdapterRegistryImpl/"
[21:13:44] [Worker-Main-5/DEBUG] [START] Reloading Section: "reloadable-plugin/EntrySettingsAdapterRegistryImpl/DefaultPlugin [roughlyenoughitems]/"
[21:13:44] [Worker-Main-5/DEBUG] [START] Reloading Section: "reloadable-plugin/EntrySettingsAdapterRegistryImpl/DefaultPlugin [roughlyenoughitems]/" done in 14.23 μs
[21:13:44] [Worker-Main-5/DEBUG] [START] Reloading Section: "reloadable-plugin/EntrySettingsAdapterRegistryImpl/JEIExtraPlugin [roughlyenoughitems]/"
[21:13:44] [Worker-Main-5/DEBUG] [START] Reloading Section: "reloadable-plugin/EntrySettingsAdapterRegistryImpl/JEIExtraPlugin [roughlyenoughitems]/" done in 13.56 μs
[21:13:44] [Worker-Main-5/DEBUG] [START] Reloading Section: "reloadable-plugin/EntrySettingsAdapterRegistryImpl/DefaultRuntimePlugin [roughlyenoughitems]/"
[21:13:44] [Worker-Main-5/DEBUG] [START] Reloading Section: "reloadable-plugin/EntrySettingsAdapterRegistryImpl/DefaultRuntimePlugin [roughlyenoughitems]/" done in 13.04 μs
[21:13:44] [Worker-Main-5/DEBUG] [START] Reloading Section: "reloadable-plugin/EntrySettingsAdapterRegistryImpl/" done in 943.9 μs
[21:13:44] [Worker-Main-5/DEBUG] [START] Reloading Section: "reloadable-plugin/RecipeManagerContextImpl/"
[21:13:44] [Worker-Main-5/DEBUG] [START] Reloading Section: "reloadable-plugin/RecipeManagerContextImpl/DefaultPlugin [roughlyenoughitems]/"
[21:13:44] [Worker-Main-5/DEBUG] [START] Reloading Section: "reloadable-plugin/RecipeManagerContextImpl/DefaultPlugin [roughlyenoughitems]/" done in 14.38 μs
[21:13:44] [Worker-Main-5/DEBUG] [START] Reloading Section: "reloadable-plugin/RecipeManagerContextImpl/JEIExtraPlugin [roughlyenoughitems]/"
[21:13:44] [Worker-Main-5/DEBUG] [START] Reloading Section: "reloadable-plugin/RecipeManagerContextImpl/JEIExtraPlugin [roughlyenoughitems]/" done in 13.88 μs
[21:13:44] [Worker-Main-5/DEBUG] [START] Reloading Section: "reloadable-plugin/RecipeManagerContextImpl/DefaultRuntimePlugin [roughlyenoughitems]/"
[21:13:44] [Worker-Main-5/DEBUG] [START] Reloading Section: "reloadable-plugin/RecipeManagerContextImpl/DefaultRuntimePlugin [roughlyenoughitems]/" done in 27.88 μs
[21:13:44] [Worker-Main-5/DEBUG] [START] Reloading Section: "reloadable-plugin/RecipeManagerContextImpl/" done in 1.493 ms
[21:13:44] [Worker-Main-5/DEBUG] [START] Reloading Section: "reloadable-plugin/ItemComparatorRegistryImpl/"
[21:13:44] [Worker-Main-5/DEBUG] [START] Reloading Section: "reloadable-plugin/ItemComparatorRegistryImpl/DefaultPlugin [roughlyenoughitems]/"
[21:13:44] [Worker-Main-5/DEBUG] [START] Reloading Section: "reloadable-plugin/ItemComparatorRegistryImpl/DefaultPlugin [roughlyenoughitems]/" done in 937.3 μs
[21:13:44] [Worker-Main-5/DEBUG] [START] Reloading Section: "reloadable-plugin/ItemComparatorRegistryImpl/JEIExtraPlugin [roughlyenoughitems]/"
[21:13:44] [Worker-Main-5/DEBUG] [START] Reloading Section: "reloadable-plugin/ItemComparatorRegistryImpl/JEIExtraPlugin [roughlyenoughitems]/" done in 13.89 μs
[21:13:44] [Worker-Main-5/DEBUG] [START] Reloading Section: "reloadable-plugin/ItemComparatorRegistryImpl/DefaultRuntimePlugin [roughlyenoughitems]/"
[21:13:44] [Worker-Main-5/DEBUG] [START] Reloading Section: "reloadable-plugin/ItemComparatorRegistryImpl/DefaultRuntimePlugin [roughlyenoughitems]/" done in 11.92 μs
[21:13:44] [Worker-Main-5/DEBUG] [START] Reloading Section: "reloadable-plugin/ItemComparatorRegistryImpl/" done in 1.998 ms
[21:13:44] [Worker-Main-5/DEBUG] [START] Reloading Section: "reloadable-plugin/FluidComparatorRegistryImpl/"
[21:13:44] [Worker-Main-5/DEBUG] [START] Reloading Section: "reloadable-plugin/FluidComparatorRegistryImpl/DefaultPlugin [roughlyenoughitems]/"
[21:13:44] [Worker-Main-5/DEBUG] [START] Reloading Section: "reloadable-plugin/FluidComparatorRegistryImpl/DefaultPlugin [roughlyenoughitems]/" done in 21.14 μs
[21:13:44] [Worker-Main-5/DEBUG] [START] Reloading Section: "reloadable-plugin/FluidComparatorRegistryImpl/JEIExtraPlugin [roughlyenoughitems]/"
[21:13:44] [Worker-Main-5/DEBUG] [START] Reloading Section: "reloadable-plugin/FluidComparatorRegistryImpl/JEIExtraPlugin [roughlyenoughitems]/" done in 13.27 μs
[21:13:44] [Worker-Main-5/DEBUG] [START] Reloading Section: "reloadable-plugin/FluidComparatorRegistryImpl/DefaultRuntimePlugin [roughlyenoughitems]/"
[21:13:44] [Worker-Main-5/DEBUG] [START] Reloading Section: "reloadable-plugin/FluidComparatorRegistryImpl/DefaultRuntimePlugin [roughlyenoughitems]/" done in 11.80 μs
[21:13:44] [Worker-Main-5/DEBUG] [START] Reloading Section: "reloadable-plugin/FluidComparatorRegistryImpl/" done in 1.646 ms
[21:13:44] [Worker-Main-5/DEBUG] [START] Reloading Section: "reloadable-plugin/DisplaySerializerRegistryImpl/"
[21:13:44] [Worker-Main-5/DEBUG] [START] Reloading Section: "reloadable-plugin/DisplaySerializerRegistryImpl/DefaultPlugin [roughlyenoughitems]/"
[21:13:44] [Worker-Main-5/DEBUG] [START] Reloading Section: "reloadable-plugin/DisplaySerializerRegistryImpl/DefaultPlugin [roughlyenoughitems]/" done in 29.41 μs
[21:13:44] [Worker-Main-5/DEBUG] [START] Reloading Section: "reloadable-plugin/DisplaySerializerRegistryImpl/JEIExtraPlugin [roughlyenoughitems]/"
[21:13:44] [Worker-Main-5/DEBUG] [START] Reloading Section: "reloadable-plugin/DisplaySerializerRegistryImpl/JEIExtraPlugin [roughlyenoughitems]/" done in 11.49 μs
[21:13:44] [Worker-Main-5/DEBUG] [START] Reloading Section: "reloadable-plugin/DisplaySerializerRegistryImpl/DefaultRuntimePlugin [roughlyenoughitems]/"
[21:13:44] [Worker-Main-5/DEBUG] [START] Reloading Section: "reloadable-plugin/DisplaySerializerRegistryImpl/DefaultRuntimePlugin [roughlyenoughitems]/" done in 97.24 μs
[21:13:44] [Worker-Main-5/DEBUG] [START] Reloading Section: "reloadable-plugin/DisplaySerializerRegistryImpl/" done in 1.597 ms
[21:13:44] [Worker-Main-5/DEBUG] [START] Reloading Section: "reloadable-plugin/FluidSupportProviderImpl/"
[21:13:44] [Worker-Main-5/DEBUG] [START] Reloading Section: "reloadable-plugin/FluidSupportProviderImpl/DefaultPlugin [roughlyenoughitems]/"
[21:13:44] [Worker-Main-5/DEBUG] [START] Reloading Section: "reloadable-plugin/FluidSupportProviderImpl/DefaultPlugin [roughlyenoughitems]/" done in 6.248 ms
[21:13:44] [Worker-Main-5/DEBUG] [START] Reloading Section: "reloadable-plugin/FluidSupportProviderImpl/JEIExtraPlugin [roughlyenoughitems]/"
[21:13:44] [Worker-Main-5/DEBUG] [START] Reloading Section: "reloadable-plugin/FluidSupportProviderImpl/JEIExtraPlugin [roughlyenoughitems]/" done in 17.10 μs
[21:13:44] [Worker-Main-5/DEBUG] [START] Reloading Section: "reloadable-plugin/FluidSupportProviderImpl/DefaultRuntimePlugin [roughlyenoughitems]/"
[21:13:44] [Worker-Main-5/DEBUG] [START] Reloading Section: "reloadable-plugin/FluidSupportProviderImpl/DefaultRuntimePlugin [roughlyenoughitems]/" done in 12.46 μs
[21:13:44] [Worker-Main-5/DEBUG] [START] Reloading Section: "reloadable-plugin/FluidSupportProviderImpl/" done in 7.578 ms
[21:13:44] [Worker-Main-5/DEBUG] [START] Reloading Section: "end-reload/"
[21:13:44] [Worker-Main-5/DEBUG] [START] Reloading Section: "end-reload/EntryTypeRegistryImpl/"
[21:13:44] [Worker-Main-5/DEBUG] [START] Reloading Section: "end-reload/EntryTypeRegistryImpl/" done in 14.76 μs
[21:13:44] [Worker-Main-5/DEBUG] [START] Reloading Section: "end-reload/EntrySettingsAdapterRegistryImpl/"
[21:13:44] [Worker-Main-5/DEBUG] [START] Reloading Section: "end-reload/EntrySettingsAdapterRegistryImpl/" done in 6.242 μs
[21:13:44] [Worker-Main-5/DEBUG] [START] Reloading Section: "end-reload/RecipeManagerContextImpl/"
[21:13:44] [Worker-Main-5/DEBUG] [START] Reloading Section: "end-reload/RecipeManagerContextImpl/" done in 6.322 μs
[21:13:44] [Worker-Main-5/DEBUG] [START] Reloading Section: "end-reload/ItemComparatorRegistryImpl/"
[21:13:44] [Worker-Main-5/DEBUG] [START] Reloading Section: "end-reload/ItemComparatorRegistryImpl/" done in 7.775 μs
[21:13:44] [Worker-Main-5/DEBUG] [START] Reloading Section: "end-reload/FluidComparatorRegistryImpl/"
[21:13:44] [Worker-Main-5/DEBUG] [START] Reloading Section: "end-reload/FluidComparatorRegistryImpl/" done in 7.184 μs
[21:13:44] [Worker-Main-5/DEBUG] [START] Reloading Section: "end-reload/DisplaySerializerRegistryImpl/"
[21:13:44] [Worker-Main-5/DEBUG] [START] Reloading Section: "end-reload/DisplaySerializerRegistryImpl/" done in 6.923 μs
[21:13:44] [Worker-Main-5/DEBUG] [START] Reloading Section: "end-reload/FluidSupportProviderImpl/"
[21:13:44] [Worker-Main-5/DEBUG] [START] Reloading Section: "end-reload/FluidSupportProviderImpl/" done in 7.344 μs
[21:13:44] [Worker-Main-5/DEBUG] [START] Reloading Section: "end-reload/" done in 1.621 ms
[21:13:44] [Worker-Main-5/INFO] Reloaded Plugin Manager [REIPlugin] with 2 entry types, 5 item comparators, 0 fluid comparators and 2 fluid support providers in 65ms.
[21:13:44] [Worker-Main-5/DEBUG] [START] Reloading Section: "start-reload/"
[21:13:44] [Worker-Main-5/DEBUG] [START] Reloading Section: "start-reload/MenuInfoRegistryImpl/"
[21:13:44] [Worker-Main-5/DEBUG] [START] Reloading Section: "start-reload/MenuInfoRegistryImpl/" done in 9.187 μs
[21:13:44] [Worker-Main-5/DEBUG] [START] Reloading Section: "start-reload/" done in 262.0 μs
[21:13:44] [Worker-Main-5/INFO] Reloading Plugin Manager [REIServerPlugin] stage [START], registered 3 plugins: DefaultRuntimePlugin [roughlyenoughitems], JEIExtraPlugin [roughlyenoughitems], DefaultPlugin [roughlyenoughitems]
[21:13:44] [Worker-Main-5/DEBUG] [START] Reloading Section: "reloadable-plugin/MenuInfoRegistryImpl/"
[21:13:44] [Worker-Main-5/DEBUG] [START] Reloading Section: "reloadable-plugin/MenuInfoRegistryImpl/DefaultPlugin [roughlyenoughitems]/"
[21:13:44] [Worker-Main-5/DEBUG] [START] Reloading Section: "reloadable-plugin/MenuInfoRegistryImpl/DefaultPlugin [roughlyenoughitems]/" done in 9.558 μs
[21:13:44] [Worker-Main-5/DEBUG] [START] Reloading Section: "reloadable-plugin/MenuInfoRegistryImpl/JEIExtraPlugin [roughlyenoughitems]/"
[21:13:44] [Worker-Main-5/DEBUG] [START] Reloading Section: "reloadable-plugin/MenuInfoRegistryImpl/JEIExtraPlugin [roughlyenoughitems]/" done in 10.52 μs
[21:13:44] [Worker-Main-5/DEBUG] [START] Reloading Section: "reloadable-plugin/MenuInfoRegistryImpl/DefaultRuntimePlugin [roughlyenoughitems]/"
[21:13:44] [Worker-Main-5/DEBUG] [START] Reloading Section: "reloadable-plugin/MenuInfoRegistryImpl/DefaultRuntimePlugin [roughlyenoughitems]/" done in 8.856 μs
[21:13:44] [Worker-Main-5/DEBUG] [START] Reloading Section: "reloadable-plugin/MenuInfoRegistryImpl/" done in 2.303 ms
[21:13:44] [Worker-Main-5/DEBUG] [START] Reloading Section: "end-reload/"
[21:13:44] [Worker-Main-5/DEBUG] [START] Reloading Section: "end-reload/MenuInfoRegistryImpl/"
[21:13:44] [Worker-Main-5/DEBUG] [START] Reloading Section: "end-reload/MenuInfoRegistryImpl/" done in 7.374 μs
[21:13:44] [Worker-Main-5/DEBUG] [START] Reloading Section: "end-reload/" done in 185.8 μs
[21:13:44] [Worker-Main-5/INFO] Reloaded Plugin Manager [REIServerPlugin] with 0 menu infos in 3ms.
[21:13:44] [Worker-Main-5/DEBUG] [START] Reloading Section: "post-register/"
[21:13:44] [Worker-Main-5/DEBUG] [START] Reloading Section: "post-register/DefaultPlugin [roughlyenoughitems]/"
[21:13:44] [Worker-Main-5/DEBUG] [START] Reloading Section: "post-register/DefaultPlugin [roughlyenoughitems]/" done in 32.84 μs
[21:13:44] [Worker-Main-5/DEBUG] [START] Reloading Section: "post-register/JEIExtraPlugin [roughlyenoughitems]/"
[21:13:44] [Worker-Main-5/DEBUG] [START] Reloading Section: "post-register/JEIExtraPlugin [roughlyenoughitems]/" done in 9.959 μs
[21:13:44] [Worker-Main-5/DEBUG] [START] Reloading Section: "post-register/DefaultRuntimePlugin [roughlyenoughitems]/"
[21:13:44] [Worker-Main-5/DEBUG] [START] Reloading Section: "post-register/DefaultRuntimePlugin [roughlyenoughitems]/" done in 9.669 μs
[21:13:44] [Worker-Main-5/DEBUG] [START] Reloading Section: "post-register/" done in 3.695 ms
[21:13:44] [Worker-Main-5/DEBUG] [START] Reloading Section: "post-register/"
[21:13:44] [Worker-Main-5/DEBUG] [START] Reloading Section: "post-register/DefaultPlugin [roughlyenoughitems]/"
[21:13:44] [Worker-Main-5/DEBUG] [START] Reloading Section: "post-register/DefaultPlugin [roughlyenoughitems]/" done in 9.467 μs
[21:13:44] [Worker-Main-5/DEBUG] [START] Reloading Section: "post-register/JEIExtraPlugin [roughlyenoughitems]/"
[21:13:44] [Worker-Main-5/DEBUG] [START] Reloading Section: "post-register/JEIExtraPlugin [roughlyenoughitems]/" done in 7.685 μs
[21:13:44] [Worker-Main-5/DEBUG] [START] Reloading Section: "post-register/DefaultRuntimePlugin [roughlyenoughitems]/"
[21:13:44] [Worker-Main-5/DEBUG] [START] Reloading Section: "post-register/DefaultRuntimePlugin [roughlyenoughitems]/" done in 7.875 μs
[21:13:44] [Worker-Main-5/DEBUG] [START] Reloading Section: "post-register/" done in 707.7 μs
[21:13:44] [Worker-Main-5/DEBUG] [END] Reloading Section: "pre-register/"
[21:13:44] [Worker-Main-5/DEBUG] [END] Reloading Section: "pre-register/DefaultPlugin [roughlyenoughitems]/"
[21:13:44] [Worker-Main-5/DEBUG] [END] Reloading Section: "pre-register/DefaultPlugin [roughlyenoughitems]/" done in 8.055 μs
[21:13:44] [Worker-Main-5/DEBUG] [END] Reloading Section: "pre-register/JEIExtraPlugin [roughlyenoughitems]/"
[21:13:44] [Worker-Main-5/DEBUG] [END] Reloading Section: "pre-register/JEIExtraPlugin [roughlyenoughitems]/" done in 7.544 μs
[21:13:44] [Worker-Main-5/DEBUG] [END] Reloading Section: "pre-register/DefaultRuntimePlugin [roughlyenoughitems]/"
[21:13:44] [Worker-Main-5/DEBUG] [END] Reloading Section: "pre-register/DefaultRuntimePlugin [roughlyenoughitems]/" done in 6.993 μs
[21:13:44] [Worker-Main-5/DEBUG] [END] Reloading Section: "pre-register/" done in 607.5 μs
[21:13:44] [Worker-Main-5/DEBUG] [END] Reloading Section: "pre-register/"
[21:13:44] [Worker-Main-5/DEBUG] [END] Reloading Section: "pre-register/DefaultPlugin [roughlyenoughitems]/"
[21:13:44] [Worker-Main-5/DEBUG] [END] Reloading Section: "pre-register/DefaultPlugin [roughlyenoughitems]/" done in 7.634 μs
[21:13:44] [Worker-Main-5/DEBUG] [END] Reloading Section: "pre-register/JEIExtraPlugin [roughlyenoughitems]/"
[21:13:44] [Worker-Main-5/DEBUG] [END] Reloading Section: "pre-register/JEIExtraPlugin [roughlyenoughitems]/" done in 7.393 μs
[21:13:44] [Worker-Main-5/DEBUG] [END] Reloading Section: "pre-register/DefaultRuntimePlugin [roughlyenoughitems]/"
[21:13:44] [Worker-Main-5/DEBUG] [END] Reloading Section: "pre-register/DefaultRuntimePlugin [roughlyenoughitems]/" done in 7.404 μs
[21:13:44] [Worker-Main-5/DEBUG] [END] Reloading Section: "pre-register/" done in 632.1 μs
[21:13:44] [Worker-Main-5/DEBUG] [END] Reloading Section: "start-reload/"
[21:13:44] [Worker-Main-5/DEBUG] [END] Reloading Section: "start-reload/EntryTypeRegistryImpl/"
[21:13:44] [Worker-Main-5/DEBUG] [END] Reloading Section: "start-reload/EntryTypeRegistryImpl/" done in 8.005 μs
[21:13:44] [Worker-Main-5/DEBUG] [END] Reloading Section: "start-reload/EntrySettingsAdapterRegistryImpl/"
[21:13:44] [Worker-Main-5/DEBUG] [END] Reloading Section: "start-reload/EntrySettingsAdapterRegistryImpl/" done in 16.79 μs
[21:13:44] [Worker-Main-5/DEBUG] [END] Reloading Section: "start-reload/RecipeManagerContextImpl/"
[21:13:44] [Worker-Main-5/DEBUG] [END] Reloading Section: "start-reload/RecipeManagerContextImpl/" done in 9.718 μs
[21:13:44] [Worker-Main-5/DEBUG] [END] Reloading Section: "start-reload/ItemComparatorRegistryImpl/"
[21:13:44] [Worker-Main-5/DEBUG] [END] Reloading Section: "start-reload/ItemComparatorRegistryImpl/" done in 8.606 μs
[21:13:44] [Worker-Main-5/DEBUG] [END] Reloading Section: "start-reload/FluidComparatorRegistryImpl/"
[21:13:44] [Worker-Main-5/DEBUG] [END] Reloading Section: "start-reload/FluidComparatorRegistryImpl/" done in 8.777 μs
[21:13:44] [Worker-Main-5/DEBUG] [END] Reloading Section: "start-reload/DisplaySerializerRegistryImpl/"
[21:13:44] [Worker-Main-5/DEBUG] [END] Reloading Section: "start-reload/DisplaySerializerRegistryImpl/" done in 17.57 μs
[21:13:44] [Worker-Main-5/DEBUG] [END] Reloading Section: "start-reload/FluidSupportProviderImpl/"
[21:13:44] [Worker-Main-5/DEBUG] [END] Reloading Section: "start-reload/FluidSupportProviderImpl/" done in 8.265 μs
[21:13:44] [Worker-Main-5/DEBUG] [END] Reloading Section: "start-reload/" done in 1.937 ms
[21:13:44] [Worker-Main-5/INFO] Reloading Plugin Manager [REIPlugin] stage [END], registered 3 plugins: DefaultRuntimePlugin [roughlyenoughitems], JEIExtraPlugin [roughlyenoughitems], DefaultPlugin [roughlyenoughitems]
[21:13:44] [Worker-Main-5/DEBUG] [END] Reloading Section: "reloadable-plugin/EntryTypeRegistryImpl/"
[21:13:44] [Worker-Main-5/DEBUG] [END] Reloading Section: "reloadable-plugin/EntryTypeRegistryImpl/DefaultPlugin [roughlyenoughitems]/"
[21:13:44] [Worker-Main-5/DEBUG] [END] Reloading Section: "reloadable-plugin/EntryTypeRegistryImpl/DefaultPlugin [roughlyenoughitems]/" done in 12.36 μs
[21:13:44] [Worker-Main-5/DEBUG] [END] Reloading Section: "reloadable-plugin/EntryTypeRegistryImpl/JEIExtraPlugin [roughlyenoughitems]/"
[21:13:44] [Worker-Main-5/DEBUG] [END] Reloading Section: "reloadable-plugin/EntryTypeRegistryImpl/JEIExtraPlugin [roughlyenoughitems]/" done in 12.92 μs
[21:13:44] [Worker-Main-5/DEBUG] [END] Reloading Section: "reloadable-plugin/EntryTypeRegistryImpl/DefaultRuntimePlugin [roughlyenoughitems]/"
[21:13:44] [Worker-Main-5/DEBUG] [END] Reloading Section: "reloadable-plugin/EntryTypeRegistryImpl/DefaultRuntimePlugin [roughlyenoughitems]/" done in 13.72 μs
[21:13:44] [Worker-Main-5/DEBUG] [END] Reloading Section: "reloadable-plugin/EntryTypeRegistryImpl/" done in 775.3 μs
[21:13:44] [Worker-Main-5/DEBUG] [END] Reloading Section: "reloadable-plugin/EntrySettingsAdapterRegistryImpl/"
[21:13:44] [Worker-Main-5/DEBUG] [END] Reloading Section: "reloadable-plugin/EntrySettingsAdapterRegistryImpl/DefaultPlugin [roughlyenoughitems]/"
[21:13:44] [Worker-Main-5/DEBUG] [END] Reloading Section: "reloadable-plugin/EntrySettingsAdapterRegistryImpl/DefaultPlugin [roughlyenoughitems]/" done in 20.23 μs
[21:13:44] [Worker-Main-5/DEBUG] [END] Reloading Section: "reloadable-plugin/EntrySettingsAdapterRegistryImpl/JEIExtraPlugin [roughlyenoughitems]/"
[21:13:44] [Worker-Main-5/DEBUG] [END] Reloading Section: "reloadable-plugin/EntrySettingsAdapterRegistryImpl/JEIExtraPlugin [roughlyenoughitems]/" done in 15.19 μs
[21:13:44] [Worker-Main-5/DEBUG] [END] Reloading Section: "reloadable-plugin/EntrySettingsAdapterRegistryImpl/DefaultRuntimePlugin [roughlyenoughitems]/"
[21:13:44] [Worker-Main-5/DEBUG] [END] Reloading Section: "reloadable-plugin/EntrySettingsAdapterRegistryImpl/DefaultRuntimePlugin [roughlyenoughitems]/" done in 13.74 μs
[21:13:44] [Worker-Main-5/DEBUG] [END] Reloading Section: "reloadable-plugin/EntrySettingsAdapterRegistryImpl/" done in 2.166 ms
[21:13:44] [Worker-Main-5/DEBUG] [END] Reloading Section: "reloadable-plugin/RecipeManagerContextImpl/"
[21:13:44] [Worker-Main-5/DEBUG] [END] Reloading Section: "reloadable-plugin/RecipeManagerContextImpl/DefaultPlugin [roughlyenoughitems]/"
[21:13:44] [Worker-Main-5/DEBUG] [END] Reloading Section: "reloadable-plugin/RecipeManagerContextImpl/DefaultPlugin [roughlyenoughitems]/" done in 12.23 μs
[21:13:44] [Worker-Main-5/DEBUG] [END] Reloading Section: "reloadable-plugin/RecipeManagerContextImpl/JEIExtraPlugin [roughlyenoughitems]/"
[21:13:44] [Worker-Main-5/DEBUG] [END] Reloading Section: "reloadable-plugin/RecipeManagerContextImpl/JEIExtraPlugin [roughlyenoughitems]/" done in 11.87 μs
[21:13:44] [Worker-Main-5/DEBUG] [END] Reloading Section: "reloadable-plugin/RecipeManagerContextImpl/DefaultRuntimePlugin [roughlyenoughitems]/"
[21:13:44] [Worker-Main-5/DEBUG] [END] Reloading Section: "reloadable-plugin/RecipeManagerContextImpl/DefaultRuntimePlugin [roughlyenoughitems]/" done in 11.74 μs
[21:13:44] [Worker-Main-5/DEBUG] [END] Reloading Section: "reloadable-plugin/RecipeManagerContextImpl/" done in 802.6 μs
[21:13:44] [Worker-Main-5/DEBUG] [END] Reloading Section: "reloadable-plugin/ItemComparatorRegistryImpl/"
[21:13:44] [Worker-Main-5/DEBUG] [END] Reloading Section: "reloadable-plugin/ItemComparatorRegistryImpl/DefaultPlugin [roughlyenoughitems]/"
[21:13:44] [Worker-Main-5/DEBUG] [END] Reloading Section: "reloadable-plugin/ItemComparatorRegistryImpl/DefaultPlugin [roughlyenoughitems]/" done in 13.64 μs
[21:13:44] [Worker-Main-5/DEBUG] [END] Reloading Section: "reloadable-plugin/ItemComparatorRegistryImpl/JEIExtraPlugin [roughlyenoughitems]/"
[21:13:44] [Worker-Main-5/DEBUG] [END] Reloading Section: "reloadable-plugin/ItemComparatorRegistryImpl/JEIExtraPlugin [roughlyenoughitems]/" done in 16.62 μs
[21:13:44] [Worker-Main-5/DEBUG] [END] Reloading Section: "reloadable-plugin/ItemComparatorRegistryImpl/DefaultRuntimePlugin [roughlyenoughitems]/"
[21:13:44] [Worker-Main-5/DEBUG] [END] Reloading Section: "reloadable-plugin/ItemComparatorRegistryImpl/DefaultRuntimePlugin [roughlyenoughitems]/" done in 12.30 μs
[21:13:44] [Worker-Main-5/DEBUG] [END] Reloading Section: "reloadable-plugin/ItemComparatorRegistryImpl/" done in 679.8 μs
[21:13:44] [Worker-Main-5/DEBUG] [END] Reloading Section: "reloadable-plugin/FluidComparatorRegistryImpl/"
[21:13:44] [Worker-Main-5/DEBUG] [END] Reloading Section: "reloadable-plugin/FluidComparatorRegistryImpl/DefaultPlugin [roughlyenoughitems]/"
[21:13:44] [Worker-Main-5/DEBUG] [END] Reloading Section: "reloadable-plugin/FluidComparatorRegistryImpl/DefaultPlugin [roughlyenoughitems]/" done in 20.23 μs
[21:13:44] [Worker-Main-5/DEBUG] [END] Reloading Section: "reloadable-plugin/FluidComparatorRegistryImpl/JEIExtraPlugin [roughlyenoughitems]/"
[21:13:44] [Worker-Main-5/DEBUG] [END] Reloading Section: "reloadable-plugin/FluidComparatorRegistryImpl/JEIExtraPlugin [roughlyenoughitems]/" done in 11.61 μs
[21:13:44] [Worker-Main-5/DEBUG] [END] Reloading Section: "reloadable-plugin/FluidComparatorRegistryImpl/DefaultRuntimePlugin [roughlyenoughitems]/"
[21:13:44] [Worker-Main-5/DEBUG] [END] Reloading Section: "reloadable-plugin/FluidComparatorRegistryImpl/DefaultRuntimePlugin [roughlyenoughitems]/" done in 11.37 μs
[21:13:44] [Worker-Main-5/DEBUG] [END] Reloading Section: "reloadable-plugin/FluidComparatorRegistryImpl/" done in 568.7 μs
[21:13:44] [Worker-Main-5/DEBUG] [END] Reloading Section: "reloadable-plugin/DisplaySerializerRegistryImpl/"
[21:13:44] [Worker-Main-5/DEBUG] [END] Reloading Section: "reloadable-plugin/DisplaySerializerRegistryImpl/DefaultPlugin [roughlyenoughitems]/"
[21:13:44] [Worker-Main-5/DEBUG] [END] Reloading Section: "reloadable-plugin/DisplaySerializerRegistryImpl/DefaultPlugin [roughlyenoughitems]/" done in 52.15 ms
[21:13:44] [Worker-Main-5/DEBUG] [END] Reloading Section: "reloadable-plugin/DisplaySerializerRegistryImpl/JEIExtraPlugin [roughlyenoughitems]/"
[21:13:44] [Worker-Main-5/DEBUG] [END] Reloading Section: "reloadable-plugin/DisplaySerializerRegistryImpl/JEIExtraPlugin [roughlyenoughitems]/" done in 17.48 μs
[21:13:44] [Worker-Main-5/DEBUG] [END] Reloading Section: "reloadable-plugin/DisplaySerializerRegistryImpl/DefaultRuntimePlugin [roughlyenoughitems]/"
[21:13:44] [Worker-Main-5/DEBUG] [END] Reloading Section: "reloadable-plugin/DisplaySerializerRegistryImpl/DefaultRuntimePlugin [roughlyenoughitems]/" done in 11.45 μs
[21:13:44] [Worker-Main-5/DEBUG] [END] Reloading Section: "reloadable-plugin/DisplaySerializerRegistryImpl/" done in 53.04 ms
[21:13:44] [Worker-Main-5/DEBUG] [END] Reloading Section: "reloadable-plugin/FluidSupportProviderImpl/"
[21:13:44] [Worker-Main-5/DEBUG] [END] Reloading Section: "reloadable-plugin/FluidSupportProviderImpl/DefaultPlugin [roughlyenoughitems]/"
[21:13:44] [Worker-Main-5/DEBUG] [END] Reloading Section: "reloadable-plugin/FluidSupportProviderImpl/DefaultPlugin [roughlyenoughitems]/" done in 11.41 μs
[21:13:44] [Worker-Main-5/DEBUG] [END] Reloading Section: "reloadable-plugin/FluidSupportProviderImpl/JEIExtraPlugin [roughlyenoughitems]/"
[21:13:44] [Worker-Main-5/DEBUG] [END] Reloading Section: "reloadable-plugin/FluidSupportProviderImpl/JEIExtraPlugin [roughlyenoughitems]/" done in 11.22 μs
[21:13:44] [Worker-Main-5/DEBUG] [END] Reloading Section: "reloadable-plugin/FluidSupportProviderImpl/DefaultRuntimePlugin [roughlyenoughitems]/"
[21:13:44] [Worker-Main-5/DEBUG] [END] Reloading Section: "reloadable-plugin/FluidSupportProviderImpl/DefaultRuntimePlugin [roughlyenoughitems]/" done in 11.74 μs
[21:13:44] [Worker-Main-5/DEBUG] [END] Reloading Section: "reloadable-plugin/FluidSupportProviderImpl/" done in 774.5 μs
[21:13:44] [Worker-Main-5/DEBUG] [END] Reloading Section: "end-reload/"
[21:13:44] [Worker-Main-5/DEBUG] [END] Reloading Section: "end-reload/EntryTypeRegistryImpl/"
[21:13:44] [Worker-Main-5/DEBUG] [END] Reloading Section: "end-reload/EntryTypeRegistryImpl/" done in 6.913 μs
[21:13:44] [Worker-Main-5/DEBUG] [END] Reloading Section: "end-reload/EntrySettingsAdapterRegistryImpl/"
[21:13:44] [Worker-Main-5/DEBUG] [END] Reloading Section: "end-reload/EntrySettingsAdapterRegistryImpl/" done in 6.963 μs
[21:13:44] [Worker-Main-5/DEBUG] [END] Reloading Section: "end-reload/RecipeManagerContextImpl/"
[21:13:44] [Worker-Main-5/DEBUG] [END] Reloading Section: "end-reload/RecipeManagerContextImpl/" done in 6.543 μs
[21:13:44] [Worker-Main-5/DEBUG] [END] Reloading Section: "end-reload/ItemComparatorRegistryImpl/"
[21:13:44] [Worker-Main-5/DEBUG] [END] Reloading Section: "end-reload/ItemComparatorRegistryImpl/" done in 7.985 μs
[21:13:44] [Worker-Main-5/DEBUG] [END] Reloading Section: "end-reload/FluidComparatorRegistryImpl/"
[21:13:44] [Worker-Main-5/DEBUG] [END] Reloading Section: "end-reload/FluidComparatorRegistryImpl/" done in 6.592 μs
[21:13:44] [Worker-Main-5/DEBUG] [END] Reloading Section: "end-reload/DisplaySerializerRegistryImpl/"
[21:13:44] [Worker-Main-5/DEBUG] [END] Reloading Section: "end-reload/DisplaySerializerRegistryImpl/" done in 6.382 μs
[21:13:44] [Worker-Main-5/DEBUG] [END] Reloading Section: "end-reload/FluidSupportProviderImpl/"
[21:13:44] [Worker-Main-5/DEBUG] [END] Reloading Section: "end-reload/FluidSupportProviderImpl/" done in 6.492 μs
[21:13:44] [Worker-Main-5/DEBUG] [END] Reloading Section: "end-reload/" done in 1.299 ms
[21:13:44] [Worker-Main-5/INFO] Reloaded Plugin Manager [REIPlugin] with 2 entry types, 5 item comparators, 0 fluid comparators and 2 fluid support providers in 66ms.
[21:13:44] [Worker-Main-5/DEBUG] [END] Reloading Section: "start-reload/"
[21:13:44] [Worker-Main-5/DEBUG] [END] Reloading Section: "start-reload/MenuInfoRegistryImpl/"
[21:13:44] [Worker-Main-5/DEBUG] [END] Reloading Section: "start-reload/MenuInfoRegistryImpl/" done in 15.56 μs
[21:13:44] [Worker-Main-5/DEBUG] [END] Reloading Section: "start-reload/" done in 228.7 μs
[21:13:44] [Worker-Main-5/INFO] Reloading Plugin Manager [REIServerPlugin] stage [END], registered 3 plugins: DefaultRuntimePlugin [roughlyenoughitems], JEIExtraPlugin [roughlyenoughitems], DefaultPlugin [roughlyenoughitems]
[21:13:44] [Worker-Main-5/DEBUG] [END] Reloading Section: "reloadable-plugin/MenuInfoRegistryImpl/"
[21:13:44] [Worker-Main-5/DEBUG] [END] Reloading Section: "reloadable-plugin/MenuInfoRegistryImpl/DefaultPlugin [roughlyenoughitems]/"
[21:13:44] [Worker-Main-5/DEBUG] [END] Reloading Section: "reloadable-plugin/MenuInfoRegistryImpl/DefaultPlugin [roughlyenoughitems]/" done in 13.23 ms
[21:13:44] [Worker-Main-5/DEBUG] [END] Reloading Section: "reloadable-plugin/MenuInfoRegistryImpl/JEIExtraPlugin [roughlyenoughitems]/"
[21:13:44] [Worker-Main-5/DEBUG] [END] Reloading Section: "reloadable-plugin/MenuInfoRegistryImpl/JEIExtraPlugin [roughlyenoughitems]/" done in 1.329 ms
[21:13:44] [Worker-Main-5/DEBUG] [END] Reloading Section: "reloadable-plugin/MenuInfoRegistryImpl/DefaultRuntimePlugin [roughlyenoughitems]/"
[21:13:44] [Worker-Main-5/DEBUG] [END] Reloading Section: "reloadable-plugin/MenuInfoRegistryImpl/DefaultRuntimePlugin [roughlyenoughitems]/" done in 13.73 μs
[21:13:44] [Worker-Main-5/DEBUG] [END] Reloading Section: "reloadable-plugin/MenuInfoRegistryImpl/" done in 15.30 ms
[21:13:44] [Worker-Main-5/DEBUG] [END] Reloading Section: "end-reload/"
[21:13:44] [Worker-Main-5/DEBUG] [END] Reloading Section: "end-reload/MenuInfoRegistryImpl/"
[21:13:44] [Worker-Main-5/DEBUG] [END] Reloading Section: "end-reload/MenuInfoRegistryImpl/" done in 6.071 μs
[21:13:44] [Worker-Main-5/DEBUG] [END] Reloading Section: "end-reload/" done in 132.0 μs
[21:13:44] [Worker-Main-5/INFO] Reloaded Plugin Manager [REIServerPlugin] with 5 menu infos in 16ms.
[21:13:44] [Worker-Main-5/DEBUG] [END] Reloading Section: "post-register/"
[21:13:44] [Worker-Main-5/DEBUG] [END] Reloading Section: "post-register/DefaultPlugin [roughlyenoughitems]/"
[21:13:44] [Worker-Main-5/DEBUG] [END] Reloading Section: "post-register/DefaultPlugin [roughlyenoughitems]/" done in 16.45 μs
[21:13:44] [Worker-Main-5/DEBUG] [END] Reloading Section: "post-register/JEIExtraPlugin [roughlyenoughitems]/"
[21:13:44] [Worker-Main-5/DEBUG] [END] Reloading Section: "post-register/JEIExtraPlugin [roughlyenoughitems]/" done in 8.726 μs
[21:13:44] [Worker-Main-5/DEBUG] [END] Reloading Section: "post-register/DefaultRuntimePlugin [roughlyenoughitems]/"
[21:13:44] [Worker-Main-5/DEBUG] [END] Reloading Section: "post-register/DefaultRuntimePlugin [roughlyenoughitems]/" done in 9.308 μs
[21:13:44] [Worker-Main-5/DEBUG] [END] Reloading Section: "post-register/" done in 755.4 μs
[21:13:44] [Worker-Main-5/DEBUG] [END] Reloading Section: "post-register/"
[21:13:44] [Worker-Main-5/DEBUG] [END] Reloading Section: "post-register/DefaultPlugin [roughlyenoughitems]/"
[21:13:44] [Worker-Main-5/DEBUG] [END] Reloading Section: "post-register/DefaultPlugin [roughlyenoughitems]/" done in 9.568 μs
[21:13:44] [Worker-Main-5/DEBUG] [END] Reloading Section: "post-register/JEIExtraPlugin [roughlyenoughitems]/"
[21:13:44] [Worker-Main-5/DEBUG] [END] Reloading Section: "post-register/JEIExtraPlugin [roughlyenoughitems]/" done in 8.867 μs
[21:13:44] [Worker-Main-5/DEBUG] [END] Reloading Section: "post-register/DefaultRuntimePlugin [roughlyenoughitems]/"
[21:13:44] [Worker-Main-5/DEBUG] [END] Reloading Section: "post-register/DefaultRuntimePlugin [roughlyenoughitems]/" done in 8.346 μs
[21:13:44] [Worker-Main-5/DEBUG] [END] Reloading Section: "post-register/" done in 713.3 μs
